<?xml version="1.0" encoding="UTF-8"?>
<!-- Generated by org.testng.reporters.JUnitReportReporter -->
<testsuite skipped="0" hostname="DESKTOP-TKK5GPG" name="node.runner.MyRunner" tests="8" failures="0" timestamp="17 Sep 2022 15:50:20 GMT" time="10.990" errors="0">
  <testcase name="runScenario" time="0.171" classname="node.runner.MyRunner"/>
  <testcase name="runScenario" time="0.113" classname="node.runner.MyRunner"/>
  <testcase name="runScenario" time="0.400" classname="node.runner.MyRunner"/>
  <testcase name="runScenario" time="0.334" classname="node.runner.MyRunner"/>
  <testcase name="runScenario" time="0.121" classname="node.runner.MyRunner"/>
  <testcase name="runScenario" time="7.295" classname="node.runner.MyRunner"/>
  <testcase name="runScenario" time="0.128" classname="node.runner.MyRunner"/>
  <testcase name="runScenario" time="2.428" classname="node.runner.MyRunner"/>
</testsuite> <!-- node.runner.MyRunner -->
